2022-07-08 20:03:07,204 - INFO - **************common.configs**********
2022-07-08 20:03:07,205 - INFO - use_gpu: True, use_xpu: False, use_npu: False, use_visual: False, train_batch_size: 1024, train_data_dir: data/train_data, epochs: 50, print_interval: 1000, model_save_path: output_model_din
2022-07-08 20:03:07,205 - INFO - **************common.configs**********
W0708 20:03:07.206533   260 device_context.cc:447] Please NOTE: device: 0, GPU Compute Capability: 7.0, Driver API Version: 11.2, Runtime API Version: 10.1
W0708 20:03:07.211943   260 device_context.cc:465] device: 0, cuDNN Version: 7.6.
2022-07-08 20:03:17,627 - INFO - read data
2022-07-08 20:03:17,627 - INFO - reader path:dinReader
/opt/_internal/cpython-3.7.0/lib/python3.7/site-packages/paddle/fluid/dygraph/math_op_patch.py:253: UserWarning: The dtype of left and right variables are not the same, left dtype is paddle.float32, but right dtype is paddle.int64, the right dtype will convert to paddle.float32
  format(lhs_dtype, rhs_dtype, lhs_dtype))
2022-07-08 20:03:31,957 - INFO - epoch: 0, batch_id: 0, auc:0.532392, loss:0.55305237, avg_reader_cost: 0.01316 sec, avg_batch_cost: 0.01321 sec, avg_samples: 1.02400, ips: 77.51393 ins/s
2022-07-08 20:04:18,439 - INFO - epoch: 0 done, auc: 0.539335,loss:0.2551604, epoch time: 59.71 s
2022-07-08 20:04:29,625 - INFO - epoch: 1, batch_id: 0, auc:0.625213, loss:0.26090923, avg_reader_cost: 0.01115 sec, avg_batch_cost: 0.01118 sec, avg_samples: 1.02400, ips: 91.60612 ins/s
2022-07-08 20:05:16,993 - INFO - epoch: 1 done, auc: 0.554694,loss:0.25388157, epoch time: 58.55 s
2022-07-08 20:05:28,527 - INFO - epoch: 2, batch_id: 0, auc:0.616270, loss:0.26011842, avg_reader_cost: 0.01151 sec, avg_batch_cost: 0.01153 sec, avg_samples: 1.02400, ips: 88.83593 ins/s
2022-07-08 20:06:19,541 - INFO - epoch: 2 done, auc: 0.564351,loss:0.25288308, epoch time: 62.55 s
2022-07-08 20:06:31,586 - INFO - epoch: 3, batch_id: 0, auc:0.634963, loss:0.25938904, avg_reader_cost: 0.01200 sec, avg_batch_cost: 0.01204 sec, avg_samples: 1.02400, ips: 85.06757 ins/s
2022-07-08 20:07:19,247 - INFO - epoch: 3 done, auc: 0.571501,loss:0.2520995, epoch time: 59.71 s
2022-07-08 20:07:28,214 - INFO - epoch: 4, batch_id: 0, auc:0.629849, loss:0.25872153, avg_reader_cost: 0.00892 sec, avg_batch_cost: 0.00895 sec, avg_samples: 1.02400, ips: 114.36815 ins/s
2022-07-08 20:08:15,709 - INFO - epoch: 4 done, auc: 0.577511,loss:0.25144932, epoch time: 56.46 s
2022-07-08 20:08:30,355 - INFO - epoch: 5, batch_id: 0, auc:0.631521, loss:0.2581219, avg_reader_cost: 0.01462 sec, avg_batch_cost: 0.01464 sec, avg_samples: 1.02400, ips: 69.94924 ins/s
2022-07-08 20:09:17,718 - INFO - epoch: 5 done, auc: 0.582989,loss:0.25088626, epoch time: 62.01 s
2022-07-08 20:09:28,218 - INFO - epoch: 6, batch_id: 0, auc:0.632160, loss:0.25758338, avg_reader_cost: 0.01046 sec, avg_batch_cost: 0.01049 sec, avg_samples: 1.02400, ips: 97.60593 ins/s
2022-07-08 20:10:15,669 - INFO - epoch: 6 done, auc: 0.588170,loss:0.25038695, epoch time: 57.95 s
2022-07-08 20:10:26,668 - INFO - epoch: 7, batch_id: 0, auc:0.633776, loss:0.25709057, avg_reader_cost: 0.01096 sec, avg_batch_cost: 0.01099 sec, avg_samples: 1.02400, ips: 93.20552 ins/s
2022-07-08 20:11:13,330 - INFO - epoch: 7 done, auc: 0.593223,loss:0.24993783, epoch time: 57.66 s
2022-07-08 20:11:24,732 - INFO - epoch: 8, batch_id: 0, auc:0.637239, loss:0.25661922, avg_reader_cost: 0.01136 sec, avg_batch_cost: 0.01139 sec, avg_samples: 1.02400, ips: 89.91777 ins/s
2022-07-08 20:12:20,389 - INFO - epoch: 8 done, auc: 0.598307,loss:0.24952939, epoch time: 67.06 s
2022-07-08 20:12:25,414 - INFO - epoch: 9, batch_id: 0, auc:0.638890, loss:0.25613293, avg_reader_cost: 0.00498 sec, avg_batch_cost: 0.00502 sec, avg_samples: 1.02400, ips: 204.10710 ins/s
2022-07-08 20:13:12,263 - INFO - epoch: 9 done, auc: 0.603615,loss:0.24915466, epoch time: 51.87 s
2022-07-08 20:13:25,463 - INFO - epoch: 10, batch_id: 0, auc:0.640197, loss:0.25557822, avg_reader_cost: 0.01317 sec, avg_batch_cost: 0.01319 sec, avg_samples: 1.02400, ips: 77.61928 ins/s
2022-07-08 20:14:12,680 - INFO - epoch: 10 done, auc: 0.609118,loss:0.24879634, epoch time: 60.42 s
2022-07-08 20:14:27,255 - INFO - epoch: 11, batch_id: 0, auc:0.639536, loss:0.25489193, avg_reader_cost: 0.01453 sec, avg_batch_cost: 0.01456 sec, avg_samples: 1.02400, ips: 70.31521 ins/s
2022-07-08 20:15:15,155 - INFO - epoch: 11 done, auc: 0.614613,loss:0.24840505, epoch time: 62.47 s
2022-07-08 20:15:31,258 - INFO - epoch: 12, batch_id: 0, auc:0.638602, loss:0.2540459, avg_reader_cost: 0.01604 sec, avg_batch_cost: 0.01609 sec, avg_samples: 1.02400, ips: 63.64758 ins/s
2022-07-08 20:16:19,457 - INFO - epoch: 12 done, auc: 0.620026,loss:0.24789535, epoch time: 64.30 s
2022-07-08 20:16:24,444 - INFO - epoch: 13, batch_id: 0, auc:0.639185, loss:0.25303742, avg_reader_cost: 0.00496 sec, avg_batch_cost: 0.00498 sec, avg_samples: 1.02400, ips: 205.61645 ins/s
2022-07-08 20:17:12,558 - INFO - epoch: 13 done, auc: 0.625944,loss:0.24721375, epoch time: 53.10 s
2022-07-08 20:17:29,137 - INFO - epoch: 14, batch_id: 0, auc:0.644222, loss:0.2518736, avg_reader_cost: 0.01655 sec, avg_batch_cost: 0.01657 sec, avg_samples: 1.02400, ips: 61.79401 ins/s
2022-07-08 20:18:16,741 - INFO - epoch: 14 done, auc: 0.633140,loss:0.24659526, epoch time: 64.18 s
2022-07-08 20:18:34,952 - INFO - epoch: 15, batch_id: 0, auc:0.654022, loss:0.25066248, avg_reader_cost: 0.01818 sec, avg_batch_cost: 0.01820 sec, avg_samples: 1.02400, ips: 56.25447 ins/s
2022-07-08 20:19:22,903 - INFO - epoch: 15 done, auc: 0.641619,loss:0.24626574, epoch time: 66.16 s
2022-07-08 20:19:27,922 - INFO - epoch: 16, batch_id: 0, auc:0.660632, loss:0.24961813, avg_reader_cost: 0.00499 sec, avg_batch_cost: 0.00501 sec, avg_samples: 1.02400, ips: 204.33994 ins/s
2022-07-08 20:20:15,193 - INFO - epoch: 16 done, auc: 0.651230,loss:0.24547839, epoch time: 52.29 s
2022-07-08 20:20:35,209 - INFO - epoch: 17, batch_id: 0, auc:0.671170, loss:0.24879818, avg_reader_cost: 0.01999 sec, avg_batch_cost: 0.02001 sec, avg_samples: 1.02400, ips: 51.17915 ins/s
2022-07-08 20:21:23,078 - INFO - epoch: 17 done, auc: 0.662792,loss:0.24364385, epoch time: 67.88 s
2022-07-08 20:21:28,210 - INFO - epoch: 18, batch_id: 0, auc:0.681904, loss:0.24748878, avg_reader_cost: 0.00510 sec, avg_batch_cost: 0.00512 sec, avg_samples: 1.02400, ips: 199.86166 ins/s
2022-07-08 20:22:16,018 - INFO - epoch: 18 done, auc: 0.677449,loss:0.23984942, epoch time: 52.94 s
2022-07-08 20:22:21,110 - INFO - epoch: 19, batch_id: 0, auc:0.699543, loss:0.24516183, avg_reader_cost: 0.00506 sec, avg_batch_cost: 0.00508 sec, avg_samples: 1.02400, ips: 201.43191 ins/s
2022-07-08 20:23:27,481 - INFO - epoch: 19 done, auc: 0.694993,loss:0.2332075, epoch time: 71.46 s
2022-07-08 20:23:32,451 - INFO - epoch: 20, batch_id: 0, auc:0.715209, loss:0.24299681, avg_reader_cost: 0.00494 sec, avg_batch_cost: 0.00496 sec, avg_samples: 1.02400, ips: 206.34117 ins/s
2022-07-08 20:24:20,645 - INFO - epoch: 20 done, auc: 0.712496,loss:0.22717848, epoch time: 53.16 s
2022-07-08 20:24:25,669 - INFO - epoch: 21, batch_id: 0, auc:0.722655, loss:0.24138719, avg_reader_cost: 0.00500 sec, avg_batch_cost: 0.00502 sec, avg_samples: 1.02400, ips: 204.17545 ins/s
2022-07-08 20:25:14,299 - INFO - epoch: 21 done, auc: 0.727752,loss:0.2240564, epoch time: 53.65 s
2022-07-08 20:25:38,006 - INFO - epoch: 22, batch_id: 0, auc:0.725824, loss:0.23911081, avg_reader_cost: 0.02368 sec, avg_batch_cost: 0.02370 sec, avg_samples: 1.02400, ips: 43.20734 ins/s
2022-07-08 20:26:25,560 - INFO - epoch: 22 done, auc: 0.740250,loss:0.22227924, epoch time: 71.26 s
2022-07-08 20:26:30,532 - INFO - epoch: 23, batch_id: 0, auc:0.725796, loss:0.23680344, avg_reader_cost: 0.00494 sec, avg_batch_cost: 0.00496 sec, avg_samples: 1.02400, ips: 206.26430 ins/s
2022-07-08 20:27:17,802 - INFO - epoch: 23 done, auc: 0.750307,loss:0.22081901, epoch time: 52.24 s
2022-07-08 20:27:22,751 - INFO - epoch: 24, batch_id: 0, auc:0.723604, loss:0.23494096, avg_reader_cost: 0.00492 sec, avg_batch_cost: 0.00494 sec, avg_samples: 1.02400, ips: 207.24614 ins/s
2022-07-08 20:28:10,777 - INFO - epoch: 24 done, auc: 0.758712,loss:0.21932104, epoch time: 52.97 s
2022-07-08 20:28:36,721 - INFO - epoch: 25, batch_id: 0, auc:0.723070, loss:0.23349418, avg_reader_cost: 0.02592 sec, avg_batch_cost: 0.02594 sec, avg_samples: 1.02400, ips: 39.48249 ins/s
2022-07-08 20:29:24,332 - INFO - epoch: 25 done, auc: 0.766143,loss:0.21763903, epoch time: 73.55 s
2022-07-08 20:29:29,237 - INFO - epoch: 26, batch_id: 0, auc:0.722719, loss:0.23235181, avg_reader_cost: 0.00486 sec, avg_batch_cost: 0.00490 sec, avg_samples: 1.02400, ips: 209.10358 ins/s
2022-07-08 20:30:18,204 - INFO - epoch: 26 done, auc: 0.773158,loss:0.21578288, epoch time: 53.87 s
2022-07-08 20:30:46,763 - INFO - epoch: 27, batch_id: 0, auc:0.723105, loss:0.23144467, avg_reader_cost: 0.02850 sec, avg_batch_cost: 0.02855 sec, avg_samples: 1.02400, ips: 35.87194 ins/s
2022-07-08 20:31:34,986 - INFO - epoch: 27 done, auc: 0.780089,loss:0.21379189, epoch time: 76.78 s
2022-07-08 20:31:39,878 - INFO - epoch: 28, batch_id: 0, auc:0.725479, loss:0.23069258, avg_reader_cost: 0.00486 sec, avg_batch_cost: 0.00488 sec, avg_samples: 1.02400, ips: 209.69682 ins/s
2022-07-08 20:32:27,932 - INFO - epoch: 28 done, auc: 0.787078,loss:0.21173039, epoch time: 52.95 s
2022-07-08 20:32:32,924 - INFO - epoch: 29, batch_id: 0, auc:0.727756, loss:0.22995435, avg_reader_cost: 0.00495 sec, avg_batch_cost: 0.00498 sec, avg_samples: 1.02400, ips: 205.42987 ins/s
2022-07-08 20:33:21,337 - INFO - epoch: 29 done, auc: 0.794119,loss:0.20958544, epoch time: 53.40 s
2022-07-08 20:33:26,271 - INFO - epoch: 30, batch_id: 0, auc:0.732027, loss:0.22903134, avg_reader_cost: 0.00489 sec, avg_batch_cost: 0.00493 sec, avg_samples: 1.02400, ips: 207.88099 ins/s
2022-07-08 20:34:14,292 - INFO - epoch: 30 done, auc: 0.801087,loss:0.20728253, epoch time: 52.95 s
2022-07-08 20:34:44,232 - INFO - epoch: 31, batch_id: 0, auc:0.736712, loss:0.22779948, avg_reader_cost: 0.02991 sec, avg_batch_cost: 0.02993 sec, avg_samples: 1.02400, ips: 34.21144 ins/s
2022-07-08 20:35:32,155 - INFO - epoch: 31 done, auc: 0.807805,loss:0.20462216, epoch time: 77.86 s
2022-07-08 20:35:37,192 - INFO - epoch: 32, batch_id: 0, auc:0.741419, loss:0.22626047, avg_reader_cost: 0.00500 sec, avg_batch_cost: 0.00503 sec, avg_samples: 1.02400, ips: 203.60732 ins/s
2022-07-08 20:36:25,044 - INFO - epoch: 32 done, auc: 0.814080,loss:0.20164901, epoch time: 52.89 s
2022-07-08 20:36:29,997 - INFO - epoch: 33, batch_id: 0, auc:0.745739, loss:0.2245294, avg_reader_cost: 0.00493 sec, avg_batch_cost: 0.00495 sec, avg_samples: 1.02400, ips: 207.05307 ins/s
2022-07-08 20:37:17,547 - INFO - epoch: 33 done, auc: 0.819744,loss:0.19848572, epoch time: 52.50 s
2022-07-08 20:37:50,445 - INFO - epoch: 34, batch_id: 0, auc:0.749793, loss:0.22265944, avg_reader_cost: 0.03286 sec, avg_batch_cost: 0.03289 sec, avg_samples: 1.02400, ips: 31.13363 ins/s
2022-07-08 20:38:38,670 - INFO - epoch: 34 done, auc: 0.824642,loss:0.19544685, epoch time: 81.12 s
2022-07-08 20:38:43,997 - INFO - epoch: 35, batch_id: 0, auc:0.754724, loss:0.22073168, avg_reader_cost: 0.00530 sec, avg_batch_cost: 0.00532 sec, avg_samples: 1.02400, ips: 192.50549 ins/s
2022-07-08 20:39:32,460 - INFO - epoch: 35 done, auc: 0.828747,loss:0.19268198, epoch time: 53.79 s
