2022-07-09 00:26:00,010 - INFO - **************common.configs**********
2022-07-09 00:26:00,010 - INFO - use_gpu: True, use_xpu: False, use_npu: False, use_visual: False, train_batch_size: 1024, train_data_dir: data/train_data, epochs: 50, print_interval: 1000, model_save_path: output_model_dpin
2022-07-09 00:26:00,010 - INFO - **************common.configs**********
W0709 00:26:00.011358   259 device_context.cc:447] Please NOTE: device: 0, GPU Compute Capability: 7.0, Driver API Version: 11.2, Runtime API Version: 10.1
W0709 00:26:00.015697   259 device_context.cc:465] device: 0, cuDNN Version: 7.6.
2022-07-09 00:26:09,671 - INFO - read data
2022-07-09 00:26:09,671 - INFO - reader path:dpin_reader
2022-07-09 00:26:10,663 - INFO - epoch: 0, batch_id: 0, AUC:0.550060, loss:0.44305593, avg_reader_cost: 0.00074 sec, avg_batch_cost: 0.00098 sec, avg_samples: 1.02400, ips: 1042.33573 ins/s
2022-07-09 00:27:15,274 - INFO - epoch: 0 done, AUC: 0.566956,loss:0.25718135, epoch time: 65.60 s
2022-07-09 00:27:15,675 - INFO - epoch: 1, batch_id: 0, AUC:0.628814, loss:0.27067223, avg_reader_cost: 0.00022 sec, avg_batch_cost: 0.00039 sec, avg_samples: 1.02400, ips: 2608.87967 ins/s
2022-07-09 00:28:20,421 - INFO - epoch: 1 done, AUC: 0.587369,loss:0.25523487, epoch time: 65.15 s
2022-07-09 00:28:20,775 - INFO - epoch: 2, batch_id: 0, AUC:0.640625, loss:0.26688558, avg_reader_cost: 0.00022 sec, avg_batch_cost: 0.00035 sec, avg_samples: 1.02400, ips: 2959.72354 ins/s
2022-07-09 00:29:26,108 - INFO - epoch: 2 done, AUC: 0.613353,loss:0.24978966, epoch time: 65.69 s
2022-07-09 00:29:26,531 - INFO - epoch: 3, batch_id: 0, AUC:0.661884, loss:0.26290074, avg_reader_cost: 0.00018 sec, avg_batch_cost: 0.00041 sec, avg_samples: 1.02400, ips: 2497.59095 ins/s
2022-07-09 00:30:31,788 - INFO - epoch: 3 done, AUC: 0.633387,loss:0.24458188, epoch time: 65.68 s
2022-07-09 00:30:32,146 - INFO - epoch: 4, batch_id: 0, AUC:0.665380, loss:0.26068434, avg_reader_cost: 0.00022 sec, avg_batch_cost: 0.00035 sec, avg_samples: 1.02400, ips: 2931.73230 ins/s
2022-07-09 00:31:36,807 - INFO - epoch: 4 done, AUC: 0.651320,loss:0.24016294, epoch time: 65.02 s
2022-07-09 00:31:37,169 - INFO - epoch: 5, batch_id: 0, AUC:0.666486, loss:0.25808468, avg_reader_cost: 0.00023 sec, avg_batch_cost: 0.00035 sec, avg_samples: 1.02400, ips: 2896.73600 ins/s
2022-07-09 00:32:41,845 - INFO - epoch: 5 done, AUC: 0.670824,loss:0.23657523, epoch time: 65.04 s
2022-07-09 00:32:42,281 - INFO - epoch: 6, batch_id: 0, AUC:0.670836, loss:0.2554257, avg_reader_cost: 0.00019 sec, avg_batch_cost: 0.00043 sec, avg_samples: 1.02400, ips: 2394.84477 ins/s
2022-07-09 00:33:48,028 - INFO - epoch: 6 done, AUC: 0.691473,loss:0.23241332, epoch time: 66.18 s
2022-07-09 00:33:48,401 - INFO - epoch: 7, batch_id: 0, AUC:0.686547, loss:0.25209445, avg_reader_cost: 0.00018 sec, avg_batch_cost: 0.00037 sec, avg_samples: 1.02400, ips: 2803.40098 ins/s
2022-07-09 00:34:55,060 - INFO - epoch: 7 done, AUC: 0.711628,loss:0.22687522, epoch time: 67.03 s
2022-07-09 00:34:55,479 - INFO - epoch: 8, batch_id: 0, AUC:0.709501, loss:0.24784641, avg_reader_cost: 0.00018 sec, avg_batch_cost: 0.00041 sec, avg_samples: 1.02400, ips: 2492.75517 ins/s
2022-07-09 00:36:00,526 - INFO - epoch: 8 done, AUC: 0.730159,loss:0.22068873, epoch time: 65.46 s
2022-07-09 00:36:00,936 - INFO - epoch: 9, batch_id: 0, AUC:0.733435, loss:0.24289098, avg_reader_cost: 0.00022 sec, avg_batch_cost: 0.00040 sec, avg_samples: 1.02400, ips: 2542.08969 ins/s
2022-07-09 00:37:05,677 - INFO - epoch: 9 done, AUC: 0.746154,loss:0.21431366, epoch time: 65.15 s
2022-07-09 00:37:06,092 - INFO - epoch: 10, batch_id: 0, AUC:0.754178, loss:0.23770306, avg_reader_cost: 0.00018 sec, avg_batch_cost: 0.00041 sec, avg_samples: 1.02400, ips: 2519.22414 ins/s
2022-07-09 00:38:10,886 - INFO - epoch: 10 done, AUC: 0.759078,loss:0.20845059, epoch time: 65.21 s
2022-07-09 00:38:11,297 - INFO - epoch: 11, batch_id: 0, AUC:0.767896, loss:0.23321013, avg_reader_cost: 0.00019 sec, avg_batch_cost: 0.00040 sec, avg_samples: 1.02400, ips: 2540.99030 ins/s
2022-07-09 00:39:16,561 - INFO - epoch: 11 done, AUC: 0.768927,loss:0.2031367, epoch time: 65.67 s
2022-07-09 00:39:16,924 - INFO - epoch: 12, batch_id: 0, AUC:0.775563, loss:0.2298861, avg_reader_cost: 0.00018 sec, avg_batch_cost: 0.00035 sec, avg_samples: 1.02400, ips: 2888.43514 ins/s
2022-07-09 00:40:22,013 - INFO - epoch: 12 done, AUC: 0.776093,loss:0.1992433, epoch time: 65.45 s
2022-07-09 00:40:22,422 - INFO - epoch: 13, batch_id: 0, AUC:0.780542, loss:0.22754474, avg_reader_cost: 0.00023 sec, avg_batch_cost: 0.00040 sec, avg_samples: 1.02400, ips: 2550.32540 ins/s
2022-07-09 00:41:26,755 - INFO - epoch: 13 done, AUC: 0.781376,loss:0.19648413, epoch time: 64.74 s
2022-07-09 00:41:27,236 - INFO - epoch: 14, batch_id: 0, AUC:0.782561, loss:0.22590905, avg_reader_cost: 0.00029 sec, avg_batch_cost: 0.00047 sec, avg_samples: 1.02400, ips: 2162.94982 ins/s
2022-07-09 00:42:32,656 - INFO - epoch: 14 done, AUC: 0.785233,loss:0.19443393, epoch time: 65.90 s
2022-07-09 00:42:33,008 - INFO - epoch: 15, batch_id: 0, AUC:0.784011, loss:0.2249804, avg_reader_cost: 0.00022 sec, avg_batch_cost: 0.00034 sec, avg_samples: 1.02400, ips: 2970.35316 ins/s
2022-07-09 00:43:38,084 - INFO - epoch: 15 done, AUC: 0.788335,loss:0.19287533, epoch time: 65.43 s
2022-07-09 00:43:38,437 - INFO - epoch: 16, batch_id: 0, AUC:0.784646, loss:0.22449882, avg_reader_cost: 0.00018 sec, avg_batch_cost: 0.00035 sec, avg_samples: 1.02400, ips: 2960.58858 ins/s
2022-07-09 00:44:43,391 - INFO - epoch: 16 done, AUC: 0.790797,loss:0.19127879, epoch time: 65.31 s
2022-07-09 00:44:43,769 - INFO - epoch: 17, batch_id: 0, AUC:0.786235, loss:0.22378793, avg_reader_cost: 0.00023 sec, avg_batch_cost: 0.00037 sec, avg_samples: 1.02400, ips: 2767.71467 ins/s
2022-07-09 00:45:49,052 - INFO - epoch: 17 done, AUC: 0.792749,loss:0.19003369, epoch time: 65.66 s
2022-07-09 00:45:49,457 - INFO - epoch: 18, batch_id: 0, AUC:0.787248, loss:0.22323366, avg_reader_cost: 0.00022 sec, avg_batch_cost: 0.00040 sec, avg_samples: 1.02400, ips: 2578.09050 ins/s
2022-07-09 00:46:53,736 - INFO - epoch: 18 done, AUC: 0.794326,loss:0.18913737, epoch time: 64.68 s
2022-07-09 00:46:54,088 - INFO - epoch: 19, batch_id: 0, AUC:0.788036, loss:0.22280674, avg_reader_cost: 0.00017 sec, avg_batch_cost: 0.00034 sec, avg_samples: 1.02400, ips: 2970.42917 ins/s
2022-07-09 00:48:00,244 - INFO - epoch: 19 done, AUC: 0.795799,loss:0.18833125, epoch time: 66.51 s
2022-07-09 00:48:00,657 - INFO - epoch: 20, batch_id: 0, AUC:0.788400, loss:0.2224212, avg_reader_cost: 0.00018 sec, avg_batch_cost: 0.00040 sec, avg_samples: 1.02400, ips: 2531.78000 ins/s
2022-07-09 00:49:06,520 - INFO - epoch: 20 done, AUC: 0.797035,loss:0.18763277, epoch time: 66.28 s
2022-07-09 00:49:06,908 - INFO - epoch: 21, batch_id: 0, AUC:0.788765, loss:0.22205855, avg_reader_cost: 0.00020 sec, avg_batch_cost: 0.00037 sec, avg_samples: 1.02400, ips: 2732.82984 ins/s
2022-07-09 00:50:13,536 - INFO - epoch: 21 done, AUC: 0.798124,loss:0.18697672, epoch time: 67.02 s
2022-07-09 00:50:13,958 - INFO - epoch: 22, batch_id: 0, AUC:0.790102, loss:0.22176003, avg_reader_cost: 0.00023 sec, avg_batch_cost: 0.00041 sec, avg_samples: 1.02400, ips: 2468.10818 ins/s
2022-07-09 00:51:20,176 - INFO - epoch: 22 done, AUC: 0.799112,loss:0.1864165, epoch time: 66.64 s
2022-07-09 00:51:20,593 - INFO - epoch: 23, batch_id: 0, AUC:0.790784, loss:0.22150868, avg_reader_cost: 0.00020 sec, avg_batch_cost: 0.00041 sec, avg_samples: 1.02400, ips: 2502.43971 ins/s
2022-07-09 00:52:27,001 - INFO - epoch: 23 done, AUC: 0.799999,loss:0.1858121, epoch time: 66.82 s
2022-07-09 00:52:27,384 - INFO - epoch: 24, batch_id: 0, AUC:0.791479, loss:0.22122672, avg_reader_cost: 0.00018 sec, avg_batch_cost: 0.00037 sec, avg_samples: 1.02400, ips: 2739.27881 ins/s
2022-07-09 00:53:32,635 - INFO - epoch: 24 done, AUC: 0.800840,loss:0.18536007, epoch time: 65.63 s
2022-07-09 00:53:33,030 - INFO - epoch: 25, batch_id: 0, AUC:0.791770, loss:0.2210446, avg_reader_cost: 0.00023 sec, avg_batch_cost: 0.00039 sec, avg_samples: 1.02400, ips: 2645.38799 ins/s
2022-07-09 00:54:39,735 - INFO - epoch: 25 done, AUC: 0.801605,loss:0.18486062, epoch time: 67.10 s
2022-07-09 00:54:40,095 - INFO - epoch: 26, batch_id: 0, AUC:0.792373, loss:0.22073168, avg_reader_cost: 0.00020 sec, avg_batch_cost: 0.00035 sec, avg_samples: 1.02400, ips: 2903.40366 ins/s
2022-07-09 00:55:45,949 - INFO - epoch: 26 done, AUC: 0.802342,loss:0.18455605, epoch time: 66.21 s
2022-07-09 00:55:46,314 - INFO - epoch: 27, batch_id: 0, AUC:0.792386, loss:0.2205421, avg_reader_cost: 0.00018 sec, avg_batch_cost: 0.00036 sec, avg_samples: 1.02400, ips: 2866.34030 ins/s
2022-07-09 00:56:53,315 - INFO - epoch: 27 done, AUC: 0.803006,loss:0.18418305, epoch time: 67.37 s
2022-07-09 00:56:53,688 - INFO - epoch: 28, batch_id: 0, AUC:0.793114, loss:0.22024426, avg_reader_cost: 0.00018 sec, avg_batch_cost: 0.00037 sec, avg_samples: 1.02400, ips: 2805.47755 ins/s
2022-07-09 00:57:59,633 - INFO - epoch: 28 done, AUC: 0.803654,loss:0.18389106, epoch time: 66.32 s
2022-07-09 00:58:00,028 - INFO - epoch: 29, batch_id: 0, AUC:0.793008, loss:0.22006574, avg_reader_cost: 0.00023 sec, avg_batch_cost: 0.00038 sec, avg_samples: 1.02400, ips: 2681.18741 ins/s
2022-07-09 00:59:05,998 - INFO - epoch: 29 done, AUC: 0.804252,loss:0.18352082, epoch time: 66.36 s
2022-07-09 00:59:06,554 - INFO - epoch: 30, batch_id: 0, AUC:0.793419, loss:0.21986711, avg_reader_cost: 0.00022 sec, avg_batch_cost: 0.00055 sec, avg_samples: 1.02400, ips: 1867.85461 ins/s
2022-07-09 01:00:13,108 - INFO - epoch: 30 done, AUC: 0.804831,loss:0.18309556, epoch time: 67.11 s
2022-07-09 01:00:13,459 - INFO - epoch: 31, batch_id: 0, AUC:0.793843, loss:0.21976581, avg_reader_cost: 0.00022 sec, avg_batch_cost: 0.00034 sec, avg_samples: 1.02400, ips: 2987.42926 ins/s
2022-07-09 01:01:22,647 - INFO - epoch: 31 done, AUC: 0.805397,loss:0.18286619, epoch time: 69.54 s
2022-07-09 01:01:23,022 - INFO - epoch: 32, batch_id: 0, AUC:0.793677, loss:0.21962735, avg_reader_cost: 0.00018 sec, avg_batch_cost: 0.00037 sec, avg_samples: 1.02400, ips: 2791.17818 ins/s
2022-07-09 01:02:30,654 - INFO - epoch: 32 done, AUC: 0.805955,loss:0.18251918, epoch time: 68.01 s
2022-07-09 01:02:31,023 - INFO - epoch: 33, batch_id: 0, AUC:0.794002, loss:0.2193596, avg_reader_cost: 0.00018 sec, avg_batch_cost: 0.00036 sec, avg_samples: 1.02400, ips: 2835.62075 ins/s
2022-07-09 01:03:37,102 - INFO - epoch: 33 done, AUC: 0.806476,loss:0.18236291, epoch time: 66.45 s
2022-07-09 01:03:37,465 - INFO - epoch: 34, batch_id: 0, AUC:0.794465, loss:0.21922503, avg_reader_cost: 0.00018 sec, avg_batch_cost: 0.00036 sec, avg_samples: 1.02400, ips: 2880.53907 ins/s
2022-07-09 01:04:43,169 - INFO - epoch: 34 done, AUC: 0.807003,loss:0.18206576, epoch time: 66.07 s
2022-07-09 01:04:43,572 - INFO - epoch: 35, batch_id: 0, AUC:0.794412, loss:0.21910536, avg_reader_cost: 0.00027 sec, avg_batch_cost: 0.00040 sec, avg_samples: 1.02400, ips: 2589.01724 ins/s
2022-07-09 01:05:50,018 - INFO - epoch: 35 done, AUC: 0.807515,loss:0.18179394, epoch time: 66.85 s
